<?xml version="1.0" encoding="UTF-8"?>
<testng-results ignored="0" total="1" passed="1" failed="0" skipped="0">
  <reporter-output>
  </reporter-output>
  <suite started-at="2024-02-29T09:18:08 IST" name="Default suite" finished-at="2024-02-29T09:18:21 IST" duration-ms="13322">
    <groups>
    </groups>
    <test started-at="2024-02-29T09:18:08 IST" name="Default test" finished-at="2024-02-29T09:18:21 IST" duration-ms="13322">
      <class name="automationsample.Browselaunch">
        <test-method is-config="true" signature="lauchdriver()[pri:0, instance:automationsample.Browselaunch@6fdbe764]" started-at="2024-02-29T09:18:08 IST" name="lauchdriver" finished-at="2024-02-29T09:18:11 IST" duration-ms="3119" status="PASS">
          <reporter-output>
          </reporter-output>
        </test-method> <!-- lauchdriver -->
        <test-method signature="Test1()[pri:0, instance:automationsample.Browselaunch@6fdbe764]" started-at="2024-02-29T09:18:11 IST" name="Test1" finished-at="2024-02-29T09:18:21 IST" duration-ms="9769" status="PASS">
          <reporter-output>
          </reporter-output>
        </test-method> <!-- Test1 -->
        <test-method is-config="true" signature="closeThebrowser()[pri:0, instance:automationsample.Browselaunch@6fdbe764]" started-at="2024-02-29T09:18:21 IST" name="closeThebrowser" finished-at="2024-02-29T09:18:21 IST" duration-ms="370" status="PASS">
          <reporter-output>
          </reporter-output>
        </test-method> <!-- closeThebrowser -->
      </class> <!-- automationsample.Browselaunch -->
    </test> <!-- Default test -->
  </suite> <!-- Default suite -->
</testng-results>
